<?xml version="1.0" encoding="UTF-8"?>
<!-- Generated by org.testng.reporters.JUnitXMLReporter -->
<testsuite hostname="Jalarambapa" ignored="0" name="Login Test" tests="2" failures="1" timestamp="2022-12-11T12:40:16 GMT" time="18.428" errors="0">
  <testcase name="userShouldNavigateToLoginPageSuccessfully" time="1.562" classname="com.ultimateqa.courses.testsuite.LoginPageTest"/>
  <testcase name="verifyTheErrorMessage" time="3.154" classname="com.ultimateqa.courses.testsuite.LoginPageTest">
    <failure type="java.lang.AssertionError" message="User Logged In expected [Invalid email or password] but found [Invalid email or password.]">
      <![CDATA[java.lang.AssertionError: User Logged In expected [Invalid email or password] but found [Invalid email or password.]
at com.ultimateqa.courses.testsuite.LoginPageTest.verifyTheErrorMessage(LoginPageTest.java:39)
at java.util.ArrayList.forEach(ArrayList.java:1249)
at com.intellij.rt.testng.IDEARemoteTestNG.run(IDEARemoteTestNG.java:66)
at com.intellij.rt.testng.RemoteTestNGStarter.main(RemoteTestNGStarter.java:109)
... Removed 29 stack frames]]>
    </failure>
  </testcase> <!-- verifyTheErrorMessage -->
</testsuite> <!-- Login Test -->
