<?xml version="1.0" encoding="UTF-8"?>
<!-- Generated by org.testng.reporters.JUnitXMLReporter -->
<testsuite hostname="Jalarambapa" ignored="0" name="Regression Test" tests="2" failures="0" timestamp="2022-12-13T22:28:19 GMT" time="20.364" errors="0">
  <testcase name="userShouldNavigateToLoginPageSuccessfully" time="1.691" classname="com.ultimateqa.courses.testsuite.LoginPageTest"/>
  <testcase name="verifyTheErrorMessage" time="3.217" classname="com.ultimateqa.courses.testsuite.LoginPageTest"/>
</testsuite> <!-- Regression Test -->
